This is LuaTeX, Version beta-0.80.0 (MiKTeX 2.9) (rev 5238)  (format=lualatex 2016.3.13)  14 MAR 2016 00:35
 restricted \write18 enabled.
**CV_FR_FR.tex
(./CV_FR_FR.tex
LaTeX2e <2015/10/01> patch level 2
Babel <3.9n> and hyphenation patterns for 69 languages loaded.
(./friggeri-cv.cls
Document Class: friggeri-cv 2012/04/30 CV class
("C:/Users/glagl/AppData/Local/Programs/MiKTeX 2.9/tex/latex/base/article.cls"
Document Class: article 2014/09/29 v1.4h Standard LaTeX document class
("C:/Users/glagl/AppData/Local/Programs/MiKTeX 2.9/tex/latex/base/size10.clo"
File: size10.clo 2014/09/29 v1.4h Standard LaTeX file (size option)
)
\c@part=\count79
\c@section=\count80
\c@subsection=\count81
\c@subsubsection=\count82
\c@paragraph=\count83
\c@subparagraph=\count84
\c@figure=\count85
\c@table=\count86
\abovecaptionskip=\skip41
\belowcaptionskip=\skip42
\bibindent=\dimen102
)
("C:/Users/glagl/AppData/Local/Programs/MiKTeX 2.9/tex/latex/xcolor/xcolor.sty"
Package: xcolor 2007/01/21 v2.11 LaTeX color extensions (UK)
("C:/Users/glagl/AppData/Local/Programs/MiKTeX 2.9/tex/latex/00miktex/color.cfg
"
File: color.cfg 2007/01/18 v1.5 color configuration of teTeX/TeXLive
)
Package xcolor Info: Driver file: pdftex.def on input line 225.

("C:/Users/glagl/AppData/Local/Programs/MiKTeX 2.9/tex/latex/pdftex-def/pdftex.
def"
File: pdftex.def 2011/05/27 v0.06d Graphics/color for pdfTeX

("C:/Users/glagl/AppData/Local/Programs/MiKTeX 2.9/tex/generic/oberdiek/infware
rr.sty"
Package: infwarerr 2010/04/08 v1.3 Providing info/warning/error messages (HO)
)
("C:/Users/glagl/AppData/Local/Programs/MiKTeX 2.9/tex/generic/oberdiek/ltxcmds
.sty"
Package: ltxcmds 2011/11/09 v1.22 LaTeX kernel commands for general use (HO)
)
\Gread@gobject=\count87
)
Package xcolor Info: Model `cmy' substituted by `cmy0' on input line 1337.
Package xcolor Info: Model `hsb' substituted by `rgb' on input line 1341.
Package xcolor Info: Model `RGB' extended on input line 1353.
Package xcolor Info: Model `HTML' substituted by `rgb' on input line 1355.
Package xcolor Info: Model `Hsb' substituted by `hsb' on input line 1356.
Package xcolor Info: Model `tHsb' substituted by `hsb' on input line 1357.
Package xcolor Info: Model `HSB' substituted by `hsb' on input line 1358.
Package xcolor Info: Model `Gray' substituted by `gray' on input line 1359.
Package xcolor Info: Model `wave' substituted by `hsb' on input line 1360.
)
("C:/Users/glagl/AppData/Local/Programs/MiKTeX 2.9/tex/latex/fontspec/fontspec.
sty"
Package: fontspec 2015/09/24 v2.4e Font selection for XeLaTeX and LuaLaTeX

("C:/Users/glagl/AppData/Local/Programs/MiKTeX 2.9/tex/latex/l3kernel/expl3.sty
"
Package: expl3 2016/01/19 v6377 L3 programming layer (loader) 

("C:/Users/glagl/AppData/Local/Programs/MiKTeX 2.9/tex/latex/l3kernel/expl3-cod
e.tex"
Package: expl3 2016/01/19 v6377 L3 programming layer (code)
L3 Module: l3bootstrap 2016/01/01 v6339 L3 Bootstrap code
\ucharcat@table=\catcodetable5
L3 Module: l3names 2015/12/21 v6328 L3 Namespace for primitives
L3 Module: l3basics 2015/11/22 v6315 L3 Basic definitions
L3 Module: l3expan 2015/09/10 v5983 L3 Argument expansion
L3 Module: l3tl 2015/09/29 v6121 L3 Token lists
L3 Module: l3str 2016/01/03 v6357 L3 Strings
L3 Module: l3seq 2015/08/05 v5777 L3 Sequences and stacks
L3 Module: l3int 2016/01/05 v6366 L3 Integers
\c_max_int=\count88
\l_tmpa_int=\count89
\l_tmpb_int=\count90
\g_tmpa_int=\count91
\g_tmpb_int=\count92
L3 Module: l3quark 2015/08/17 v5855 L3 Quarks
L3 Module: l3prg 2015/11/01 v6216 L3 Control structures
\g__prg_map_int=\count93
L3 Module: l3clist 2015/09/02 v5901 L3 Comma separated lists
L3 Module: l3token 2015/11/11 v6249 L3 Experimental token manipulation
L3 Module: l3prop 2016/01/05 v6366 L3 Property lists
L3 Module: l3msg 2015/09/28 v6113 L3 Messages
L3 Module: l3file 2015/12/03 v6317 L3 File and I/O operations
\l_iow_line_count_int=\count94
\l__iow_target_count_int=\count95
\l__iow_current_line_int=\count96
\l__iow_current_word_int=\count97
\l__iow_current_indentation_int=\count98
L3 Module: l3skip 2016/01/05 v6366 L3 Dimensions and skips
\c_zero_dim=\dimen103
\c_max_dim=\dimen104
\l_tmpa_dim=\dimen105
\l_tmpb_dim=\dimen106
\g_tmpa_dim=\dimen107
\g_tmpb_dim=\dimen108
\c_zero_skip=\skip43
\c_max_skip=\skip44
\l_tmpa_skip=\skip45
\l_tmpb_skip=\skip46
\g_tmpa_skip=\skip47
\g_tmpb_skip=\skip48
\c_zero_muskip=\muskip10
\c_max_muskip=\muskip11
\l_tmpa_muskip=\muskip12
\l_tmpb_muskip=\muskip13
\g_tmpa_muskip=\muskip14
\g_tmpb_muskip=\muskip15
L3 Module: l3keys 2015/11/17 v6284 L3 Key-value interfaces
\g__keyval_level_int=\count99
\l_keys_choice_int=\count100
L3 Module: l3fp 2015/08/25 v5890 L3 Floating points
\c__fp_leading_shift_int=\count101
\c__fp_middle_shift_int=\count102
\c__fp_trailing_shift_int=\count103
\c__fp_big_leading_shift_int=\count104
\c__fp_big_middle_shift_int=\count105
\c__fp_big_trailing_shift_int=\count106
\c__fp_Bigg_leading_shift_int=\count107
\c__fp_Bigg_middle_shift_int=\count108
\c__fp_Bigg_trailing_shift_int=\count109
L3 Module: l3box 2015/08/09 v5822 L3 Experimental boxes
\c_empty_box=\box26
\l_tmpa_box=\box27
\l_tmpb_box=\box28
\g_tmpa_box=\box29
\g_tmpb_box=\box30
L3 Module: l3coffins 2015/08/06 v5789 L3 Coffin code layer
\l__coffin_internal_box=\box31
\l__coffin_internal_dim=\dimen109
\l__coffin_offset_x_dim=\dimen110
\l__coffin_offset_y_dim=\dimen111
\l__coffin_x_dim=\dimen112
\l__coffin_y_dim=\dimen113
\l__coffin_x_prime_dim=\dimen114
\l__coffin_y_prime_dim=\dimen115
\c_empty_coffin=\box32
\l__coffin_aligned_coffin=\box33
\l__coffin_aligned_internal_coffin=\box34
\l_tmpa_coffin=\box35
\l_tmpb_coffin=\box36
\l__coffin_display_coffin=\box37
\l__coffin_display_coord_coffin=\box38
\l__coffin_display_pole_coffin=\box39
\l__coffin_display_offset_dim=\dimen116
\l__coffin_display_x_dim=\dimen117
\l__coffin_display_y_dim=\dimen118
L3 Module: l3color 2014/08/23 v5354 L3 Experimental color support
L3 Module: l3sys 2015/09/25 v6087 L3 Experimental system/runtime functions
L3 Module: l3candidates 2016/01/14 v6376 L3 Experimental additions to l3kernel
\l__box_top_dim=\dimen119
\l__box_bottom_dim=\dimen120
\l__box_left_dim=\dimen121
\l__box_right_dim=\dimen122
\l__box_top_new_dim=\dimen123
\l__box_bottom_new_dim=\dimen124
\l__box_left_new_dim=\dimen125
\l__box_right_new_dim=\dimen126
\l__box_internal_box=\box40
\l__coffin_bounding_shift_dim=\dimen127
\l__coffin_left_corner_dim=\dimen128
\l__coffin_right_corner_dim=\dimen129
\l__coffin_bottom_corner_dim=\dimen130
\l__coffin_top_corner_dim=\dimen131
\l__coffin_scaled_total_height_dim=\dimen132
\l__coffin_scaled_width_dim=\dimen133
L3 Module: l3luatex 2015/11/11 v6250 L3 Experimental LuaTeX-specific functions
)
("C:/Users/glagl/AppData/Local/Programs/MiKTeX 2.9/tex/latex/l3kernel/l3pdfmode
.def"
File: l3pdfmode.def 2015/11/11 v6250 L3 Experimental driver: PDF mode
\l__driver_color_stack_int=\count110
))
("C:/Users/glagl/AppData/Local/Programs/MiKTeX 2.9/tex/latex/l3packages/xparse/
xparse.sty"
Package: xparse 2016/01/19 v6377 L3 Experimental document command parser
\l__xparse_current_arg_int=\count111
\l__xparse_m_args_int=\count112
\l__xparse_mandatory_args_int=\count113
\l__xparse_processor_int=\count114
\l__xparse_v_nesting_int=\count115
)
("C:/Users/glagl/AppData/Local/Programs/MiKTeX 2.9/tex/luatex/luaotfload/luaotf
load.sty"
Package: luaotfload 2015/12/09 v2.6 OpenType layout system
Lua module: luaotfload-main 2015/12/09 2.60001 OpenType layout system.
Lua module: lualibs 2015-12-02 2.3 ConTeXt Lua standard libraries.
Lua module: lualibs-extended 2015-12-02 2.3 ConTeXt Lua libraries -- extended co
llection.(using cache: C:/Users/glagl/AppData/Local/MiKTeX/2.9/luatex-cache/gene
ric)
luaotfload | conf : Root cache directory is C:/Users/glagl/AppData/Local/MiKTeX/
2.9/luatex-cache/generic/names.
luaotfload | init : Loading fontloader “fontloader-2016-01-22.lua” from kpse
-resolved path “C:/Users/glagl/AppData/Local/Programs/MiKTeX 2.9/tex/luatex/lu
aotfload/fontloader-2016-01-22.lua”.
Lua-only attribute luaotfload@state = 1
Lua-only attribute luaotfload@cursbase = 2
Lua-only attribute luaotfload@noligature = 3
luaotfload | init : Context OpenType loader version “2.82”
Inserting `luaotfload.node_processor' at position 1 in `pre_linebreak_filter'.
Inserting `luaotfload.node_processor' at position 1 in `hpack_filter'.
Inserting `luaotfload.define_font' at position 1 in `define_font'.
Lua-only attribute luaotfload_color_attribute = 4
luaotfload | conf : Root cache directory is C:/Users/glagl/AppData/Local/MiKTeX/
2.9/luatex-cache/generic/names.
Inserting `luaotfload.aux.set_sscale_dimens' at position 1 in `luaotfload.patch_
font'.
Inserting `luaotfload.aux.patch_cambria_domh' at position 2 in `luaotfload.patch
_font'.
Inserting `luaotfload.aux.fixup_fontdata' at position 1 in `luaotfload.patch_fon
t_unsafe'.
Inserting `luaotfload.aux.set_capheight' at position 3 in `luaotfload.patch_font
'.
Inserting `luaotfload.rewrite_fontname' at position 4 in `luaotfload.patch_font'
.
luaotfload | main : initialization completed in 0.665 seconds)
Lua module: fontspec 2013/05/20 2.3c Advanced font selection for LuaLaTeX.
\l_fontspec_script_int=\count116
\l_fontspec_language_int=\count117
\l_fontspec_strnum_int=\count118
\l__fontspec_tmpa_dim=\dimen134
\l__fontspec_tmpb_dim=\dimen135
\l__fontspec_tmpc_dim=\dimen136

("C:/Users/glagl/AppData/Local/Programs/MiKTeX 2.9/tex/latex/fontspec/fontspec-
patches.sty"
Package: fontspec-patches 2015/09/24 v2.4e Font selection for XeLaTeX and LuaLaT
eX
LaTeX Info: Redefining \em on input line 49.
LaTeX Info: Redefining \emph on input line 57.
LaTeX Info: Redefining \- on input line 60.
.................................................
. LaTeX info: "xparse/redefine-command"
. 
. Redefining command \oldstylenums with sig. 'm' on line 155.
.................................................
.................................................
. LaTeX info: "xparse/define-command"
. 
. Defining command \liningnums with sig. 'm' on line 159.
.................................................
)
("C:/Users/glagl/AppData/Local/Programs/MiKTeX 2.9/tex/latex/fontspec/fontspec-
luatex.sty"
Package: fontspec-luatex 2015/09/24 v2.4e Font selection for XeLaTeX and LuaLaTe
X

("C:/Users/glagl/AppData/Local/Programs/MiKTeX 2.9/tex/latex/base/fontenc.sty"
Package: fontenc 2005/09/27 v1.99g Standard LaTeX package

("C:/Users/glagl/AppData/Local/Programs/MiKTeX 2.9/tex/latex/euenc/eu2enc.def"
File: eu2enc.def 2010/05/27 v0.1h Experimental Unicode font encodings
)
LaTeX Font Info:    Try loading font information for EU2+lmr on input line 105.

("C:/Users/glagl/AppData/Local/Programs/MiKTeX 2.9/tex/latex/euenc/eu2lmr.fd"
File: eu2lmr.fd 2009/10/30 v1.6 Font defs for Latin Modern
)
luaotfload | db : Font names database loaded from C:/Users/glagl/AppData/Local/M
iKTeX/2.9/luatex-cache/generic/names/luaotfload-names.luc(load luc: C:/Users/gla
gl/AppData/Local/MiKTeX/2.9/luatex-cache/generic/fonts/otf/lmroman10-regular.luc
))
("C:/Users/glagl/AppData/Local/Programs/MiKTeX 2.9/tex/xelatex/xunicode/xunicod
e.sty"
File: xunicode.sty 2011/09/09 v0.981 provides access to latin accents and many o
ther characters in Unicode lower plane

("C:/Users/glagl/AppData/Local/Programs/MiKTeX 2.9/tex/latex/tipa/t3enc.def"
File: t3enc.def 2001/12/31 T3 encoding
(load luc: C:/Users/glagl/AppData/Local/MiKTeX/2.9/luatex-cache/generic/fonts/ot
f/lmromanslant10-regular.luc)(load luc: C:/Users/glagl/AppData/Local/MiKTeX/2.9/
luatex-cache/generic/fonts/otf/lmroman10-italic.luc)(load luc: C:/Users/glagl/Ap
pData/Local/MiKTeX/2.9/luatex-cache/generic/fonts/otf/lmroman10-bold.luc)
LaTeX Font Info:    Try loading font information for EU2+lmss on input line 357.


("C:/Users/glagl/AppData/Local/Programs/MiKTeX 2.9/tex/latex/euenc/eu2lmss.fd"
File: eu2lmss.fd 2009/10/30 v1.6 Font defs for Latin Modern
)(load luc: C:/Users/glagl/AppData/Local/MiKTeX/2.9/luatex-cache/generic/fonts/o
tf/lmsans10-regular.luc))
\tipaTiiicode=\count119
\tipasavetokens=\toks14
\tipachecktokens=\toks15

("C:/Users/glagl/AppData/Local/Programs/MiKTeX 2.9/tex/latex/graphics/graphicx.
sty"
Package: graphicx 2014/10/28 v1.0g Enhanced LaTeX Graphics (DPC,SPQR)

("C:/Users/glagl/AppData/Local/Programs/MiKTeX 2.9/tex/latex/graphics/keyval.st
y"
Package: keyval 2014/10/28 v1.15 key=value parser (DPC)
\KV@toks@=\toks16
)
("C:/Users/glagl/AppData/Local/Programs/MiKTeX 2.9/tex/latex/graphics/graphics.
sty"
Package: graphics 2014/10/28 v1.0p Standard LaTeX Graphics (DPC,SPQR)

("C:/Users/glagl/AppData/Local/Programs/MiKTeX 2.9/tex/latex/graphics/trig.sty"
Package: trig 1999/03/16 v1.09 sin cos tan (DPC)
)
("C:/Users/glagl/AppData/Local/Programs/MiKTeX 2.9/tex/latex/00miktex/graphics.
cfg"
File: graphics.cfg 2007/01/18 v1.5 graphics configuration of teTeX/TeXLive
)
Package graphics Info: Driver file: pdftex.def on input line 94.
)
\Gin@req@height=\dimen137
\Gin@req@width=\dimen138
))
.................................................
. LaTeX info: "xparse/define-command"
. 
. Defining command \__fontspec_post_arg:w with sig. 'mmO{}' on line 45.
.................................................
.................................................
. LaTeX info: "xparse/define-command"
. 
. Defining command \fontspec with sig. 'om' on line 47.
.................................................
.................................................
. LaTeX info: "xparse/define-command"
. 
. Defining command \setmainfont with sig. 'om' on line 57.
.................................................
.................................................
. LaTeX info: "xparse/define-command"
. 
. Defining command \setsansfont with sig. 'om' on line 67.
.................................................
.................................................
. LaTeX info: "xparse/define-command"
. 
. Defining command \setmonofont with sig. 'om' on line 77.
.................................................
.................................................
. LaTeX info: "xparse/define-command"
. 
. Defining command \setmathrm with sig. 'om' on line 91.
.................................................
.................................................
. LaTeX info: "xparse/define-command"
. 
. Defining command \setboldmathrm with sig. 'om' on line 99.
.................................................
.................................................
. LaTeX info: "xparse/define-command"
. 
. Defining command \setmathsf with sig. 'om' on line 107.
.................................................
.................................................
. LaTeX info: "xparse/define-command"
. 
. Defining command \setmathtt with sig. 'om' on line 115.
.................................................
.................................................
. LaTeX info: "xparse/define-command"
. 
. Defining command \newfontfamily with sig. 'mom' on line 129.
.................................................
.................................................
. LaTeX info: "xparse/define-command"
. 
. Defining command \newfontface with sig. 'mom' on line 144.
.................................................
.................................................
. LaTeX info: "xparse/define-command"
. 
. Defining command \defaultfontfeatures with sig. 't+om' on line 158.
.................................................
.................................................
. LaTeX info: "xparse/define-command"
. 
. Defining command \addfontfeatures with sig. 'm' on line 214.
.................................................
.................................................
. LaTeX info: "xparse/define-command"
. 
. Defining command \newfontfeature with sig. 'mm' on line 225.
.................................................
.................................................
. LaTeX info: "xparse/define-command"
. 
. Defining command \newAATfeature with sig. 'mmmm' on line 233.
.................................................
.................................................
. LaTeX info: "xparse/define-command"
. 
. Defining command \newopentypefeature with sig. 'mmm' on line 241.
.................................................
.................................................
. LaTeX info: "xparse/define-command"
. 
. Defining command \aliasfontfeature with sig. 'mm' on line 262.
.................................................
.................................................
. LaTeX info: "xparse/define-command"
. 
. Defining command \aliasfontfeatureoption with sig. 'mmm' on line 271.
.................................................
.................................................
. LaTeX info: "xparse/define-command"
. 
. Defining command \newfontscript with sig. 'mm' on line 276.
.................................................
.................................................
. LaTeX info: "xparse/define-command"
. 
. Defining command \newfontlanguage with sig. 'mm' on line 302.
.................................................
.................................................
. LaTeX info: "xparse/define-command"
. 
. Defining command \DeclareFontsExtensions with sig. 'm' on line 322.
.................................................
\l__fontspec_tmp_int=\count120
LaTeX Info: Redefining \itshape on input line 2151.
LaTeX Info: Redefining \slshape on input line 2156.
LaTeX Info: Redefining \scshape on input line 2161.
LaTeX Info: Redefining \upshape on input line 2166.

("C:/Users/glagl/AppData/Local/Programs/MiKTeX 2.9/tex/latex/fontspec/fontspec.
cfg")))
("C:/Users/glagl/AppData/Local/Programs/MiKTeX 2.9/tex/latex/unicode-math/unico
de-math.sty"
Package: unicode-math 2015/09/24 v0.8c Unicode maths in XeLaTeX and LuaLaTeX

("C:/Users/glagl/AppData/Local/Programs/MiKTeX 2.9/tex/generic/ifxetex/ifxetex.
sty"
Package: ifxetex 2010/09/12 v0.6 Provides ifxetex conditional
)
("C:/Users/glagl/AppData/Local/Programs/MiKTeX 2.9/tex/generic/oberdiek/ifluate
x.sty"
Package: ifluatex 2010/03/01 v1.3 Provides the ifluatex switch (HO)
Package ifluatex Info: LuaTeX detected.
)
("C:/Users/glagl/AppData/Local/Programs/MiKTeX 2.9/tex/latex/ucharcat/ucharcat.
sty"
Package: ucharcat 2015/11/19 v0.03 ucharcat for luaLaTeX (DPC)
\ucharcat@table=\catcodetable6
)
("C:/Users/glagl/AppData/Local/Programs/MiKTeX 2.9/tex/latex/l3packages/l3keys2
e/l3keys2e.sty"
Package: l3keys2e 2016/01/19 v6377 LaTeX2e option processing using LaTeX3 keys
)
("C:/Users/glagl/AppData/Local/Programs/MiKTeX 2.9/tex/latex/base/fix-cm.sty"
Package: fix-cm 2015/01/14 v1.1t fixes to LaTeX

("C:/Users/glagl/AppData/Local/Programs/MiKTeX 2.9/tex/latex/base/ts1enc.def"
File: ts1enc.def 2001/06/05 v3.0e (jk/car/fm) Standard LaTeX file
))
("C:/Users/glagl/AppData/Local/Programs/MiKTeX 2.9/tex/latex/filehook/filehook.
sty"
Package: filehook 2011/10/12 v0.5d Hooks for input files
)
\g__um_fam_int=\count121
\g__um_primekern_muskip=\muskip16
\l__um_primecount_int=\count122
.................................................
. LaTeX info: "xparse/define-command"
. 
. Defining command \unimathsetup with sig. 'm' on line 168.
.................................................

("C:/Users/glagl/AppData/Local/Programs/MiKTeX 2.9/tex/latex/unicode-math/unico
de-math-luatex.sty"
("C:/Users/glagl/AppData/Local/Programs/MiKTeX 2.9/tex/lualatex/lualatex-math/l
ualatex-math.sty"
Package: lualatex-math 2015/09/22 v1.4a Patches for mathematics typesetting with
 LuaLaTeX

("C:/Users/glagl/AppData/Local/Programs/MiKTeX 2.9/tex/latex/etoolbox/etoolbox.
sty"
Package: etoolbox 2015/08/02 v2.2a e-TeX tools for LaTeX (JAW)
\etb@tempcnta=\count123
)
Lua module: lualatex-math 2013/08/03 1.3 Patches for mathematics typesetting wit
h LuaLaTeX)
.................................................
. LaTeX info: "xparse/define-command"
. 
. Defining command \setmathfontface with sig. 'mO{}mO{}' on line 167.
.................................................
.................................................
. LaTeX info: "xparse/define-command"
. 
. Defining command \setoperatorfont with sig. 'm' on line 171.
.................................................
.................................................
. LaTeX info: "xparse/define-command"
. 
. Defining command \setmathfont with sig. 'O{}mO{}' on line 280.
.................................................
.................................................
. LaTeX info: "xparse/define-command"
. 
. Defining command \addnolimits with sig. 'm' on line 523.
.................................................
.................................................
. LaTeX info: "xparse/define-command"
. 
. Defining command \removenolimits with sig. 'm' on line 527.
.................................................
\g__file_internal_ior=\read1

("C:/Users/glagl/AppData/Local/Programs/MiKTeX 2.9/tex/latex/unicode-math/unico
de-math-table.tex")))
luaotfload | cache : Lookup cache loaded from C:/Users/glagl/AppData/Local/MiKTe
X/2.9/luatex-cache/generic/names/luaotfload-lookup-cache.luc.
luaotfload | load : Lookup/name: "Segoe UI" -> "segoeui.ttf"(load luc: C:/Users/
glagl/AppData/Local/MiKTeX/2.9/luatex-cache/generic/fonts/otf/segoeui.luc)
luaotfload | load : Lookup/name: "Segoe UI" -> "segoeui.ttf"
\g__fontspec_family_SegoeUI_int=\count124
luaotfload | load : Lookup/name: "Segoe UI" -> "segoeui.ttf"
luaotfload | load : Lookup/name: "Segoe UI" -> "segoeuiz.ttf"(load luc: C:/Users
/glagl/AppData/Local/MiKTeX/2.9/luatex-cache/generic/fonts/otf/segoeuiz.luc)
luaotfload | load : Lookup/name: "Segoe UI" -> "segoeui.ttf"
luaotfload | load : Lookup/name: "Segoe UI" -> "segoeuib.ttf"(load luc: C:/Users
/glagl/AppData/Local/MiKTeX/2.9/luatex-cache/generic/fonts/otf/segoeuib.luc)
luaotfload | load : Lookup/name: "Segoe UI" -> "segoeui.ttf"
luaotfload | load : Lookup/name: "Segoe UI" -> "segoeuii.ttf"(load luc: C:/Users
/glagl/AppData/Local/MiKTeX/2.9/luatex-cache/generic/fonts/otf/segoeuii.luc)
luaotfload | load : Lookup/name: "SegoeUI" -> "segoeui.ttf"
luaotfload | load : Lookup/name: "SegoeUI" -> "segoeui.ttf"
luaotfload | load : Lookup/name: "SegoeUI" -> "segoeuib.ttf"
luaotfload | load : Lookup/name: "SegoeUI" -> "segoeuib.ttf"
luaotfload | load : Lookup/name: "SegoeUI" -> "segoeuii.ttf"
luaotfload | load : Lookup/name: "SegoeUI" -> "segoeuii.ttf"
luaotfload | load : Lookup/name: "SegoeUI" -> "segoeuiz.ttf"
luaotfload | load : Lookup/name: "SegoeUI" -> "segoeuiz.ttf"
luaotfload | load : Lookup/name: "Segoe UI Light" -> "segoeuil.ttf"(load luc: C:
/Users/glagl/AppData/Local/MiKTeX/2.9/luatex-cache/generic/fonts/otf/segoeuil.lu
c)
luaotfload | load : Lookup/name: "Segoe UI Light" -> "segoeuil.ttf"
\g__fontspec_family_SegoeUILight_int=\count125
luaotfload | load : Lookup/name: "Segoe UI Light" -> "segoeuil.ttf"
luaotfload | load : Lookup/name: "Segoe UI Light" -> "segoeuil.ttf"
luaotfload | load : Lookup/name: "Segoe UI Light" -> "segoeuil.ttf"
luaotfload | load : Lookup/name: "Segoe UI Light" -> "segoeuil.ttf"
luaotfload | load : Lookup/name: "Segoe UI Light" -> "segoeuil.ttf"
luaotfload | load : Lookup/name: "Segoe UI Light" -> "segoeuil.ttf"
luaotfload | load : Lookup/name: "SegoeUILight" -> "segoeuil.ttf"
luaotfload | load : Lookup/name: "SegoeUILight" -> "segoeuil.ttf"
luaotfload | load : Lookup/name: "Segoe UI Semibold" -> "seguisb.ttf"(load luc: 
C:/Users/glagl/AppData/Local/MiKTeX/2.9/luatex-cache/generic/fonts/otf/seguisb.l
uc)
luaotfload | load : Lookup/name: "Segoe UI Semibold" -> "seguisb.ttf"
\g__fontspec_family_SegoeUISemibold_int=\count126
luaotfload | load : Lookup/name: "Segoe UI Semibold" -> "seguisb.ttf"
luaotfload | load : Lookup/name: "Segoe UI Semibold" -> "seguisb.ttf"
luaotfload | load : Lookup/name: "Segoe UI Semibold" -> "seguisb.ttf"
luaotfload | load : Lookup/name: "Segoe UI Semibold" -> "seguisb.ttf"
luaotfload | load : Lookup/name: "Segoe UI Semibold" -> "seguisb.ttf"
luaotfload | load : Lookup/name: "Segoe UI Semibold" -> "seguisb.ttf"
luaotfload | load : Lookup/name: "SegoeUISemibold" -> "seguisb.ttf"
luaotfload | load : Lookup/name: "SegoeUISemibold" -> "seguisb.ttf"
luaotfload | load : Lookup/name: "Segoe UI Light" -> "segoeuil.ttf"
luaotfload | load : Lookup/name: "Segoe UI Light" -> "segoeuil.ttf"
luaotfload | load : Lookup/name: "Segoe UI Light" -> "segoeuil.ttf"
luaotfload | load : Lookup/name: "Segoe UI Light" -> "segoeuil.ttf"
luaotfload | load : Lookup/name: "Segoe UI Light" -> "segoeuil.ttf"
luaotfload | load : Lookup/name: "Segoe UI Light" -> "segoeuil.ttf"
luaotfload | load : Lookup/name: "Segoe UI Light" -> "segoeuil.ttf"
luaotfload | load : Lookup/name: "Segoe UI Light" -> "segoeuil.ttf"
luaotfload | load : Lookup/name: "SegoeUILight" -> "segoeuil.ttf"
luaotfload | load : Lookup/name: "SegoeUILight" -> "segoeuil.ttf"
luaotfload | load : Lookup/name: "Segoe UI Light" -> "segoeuil.ttf"
luaotfload | load : Lookup/name: "Segoe UI Light" -> "segoeuil.ttf"
luaotfload | load : Lookup/name: "Segoe UI Light" -> "segoeuil.ttf"
luaotfload | load : Lookup/name: "Segoe UI Light" -> "segoeuil.ttf"
luaotfload | load : Lookup/name: "Segoe UI Light" -> "segoeuil.ttf"
luaotfload | load : Lookup/name: "Segoe UI Light" -> "segoeuil.ttf"
luaotfload | load : Lookup/name: "Segoe UI Light" -> "segoeuil.ttf"
luaotfload | load : Lookup/name: "Segoe UI Light" -> "segoeuil.ttf"
luaotfload | load : Lookup/name: "SegoeUILight" -> "segoeuil.ttf"
luaotfload | load : Lookup/name: "SegoeUILight" -> "segoeuil.ttf"
LaTeX Font Info:    Overwriting math alphabet `\mathrm' in version `normal'
(Font)                  OT1/cmr/m/n --> EU2/SegoeUILight(2)/m/n on input line 58
.
LaTeX Font Info:    Overwriting math alphabet `\mathit' in version `normal'
(Font)                  OT1/cmr/m/it --> EU2/SegoeUILight(2)/m/it on input line 
58.
LaTeX Font Info:    Overwriting math alphabet `\mathbf' in version `normal'
(Font)                  OT1/cmr/bx/n --> EU2/SegoeUILight(2)/bx/n on input line 
58.
luaotfload | load : Lookup/name: "SegoeUILight" -> "segoeuil.ttf"
Inserting `luaotfload.color_handler' at position 1 in `post_linebreak_filter'.
Inserting `luaotfload.color_handler' at position 2 in `hpack_filter'.
Inserting `luaotfload.color_handler' at position 1 in `mlist_to_hlist'.
("C:/Users/glagl/AppData/Local/Programs/MiKTeX 2.9/tex/latex/pgf/frontendlayer/
tikz.sty"
("C:/Users/glagl/AppData/Local/Programs/MiKTeX 2.9/tex/latex/pgf/basiclayer/pgf
.sty"
("C:/Users/glagl/AppData/Local/Programs/MiKTeX 2.9/tex/latex/pgf/utilities/pgfr
cs.sty"
("C:/Users/glagl/AppData/Local/Programs/MiKTeX 2.9/tex/generic/pgf/utilities/pg
futil-common.tex"
\pgfutil@everybye=\toks17
\pgfutil@tempdima=\dimen139
\pgfutil@tempdimb=\dimen140

("C:/Users/glagl/AppData/Local/Programs/MiKTeX 2.9/tex/generic/pgf/utilities/pg
futil-common-lists.tex"))
("C:/Users/glagl/AppData/Local/Programs/MiKTeX 2.9/tex/generic/pgf/utilities/pg
futil-latex.def"
\pgfutil@abb=\box41

("C:/Users/glagl/AppData/Local/Programs/MiKTeX 2.9/tex/latex/ms/everyshi.sty"
Package: everyshi 2001/05/15 v3.00 EveryShipout Package (MS)
))
("C:/Users/glagl/AppData/Local/Programs/MiKTeX 2.9/tex/generic/pgf/utilities/pg
frcs.code.tex"
Package: pgfrcs 2015/08/07 v3.0.1a (rcs-revision 1.31)
))
Package: pgf 2015/08/07 v3.0.1a (rcs-revision 1.15)

("C:/Users/glagl/AppData/Local/Programs/MiKTeX 2.9/tex/latex/pgf/basiclayer/pgf
core.sty"
("C:/Users/glagl/AppData/Local/Programs/MiKTeX 2.9/tex/latex/pgf/systemlayer/pg
fsys.sty"
("C:/Users/glagl/AppData/Local/Programs/MiKTeX 2.9/tex/generic/pgf/systemlayer/
pgfsys.code.tex"
Package: pgfsys 2014/07/09 v3.0.1a (rcs-revision 1.48)

("C:/Users/glagl/AppData/Local/Programs/MiKTeX 2.9/tex/generic/pgf/utilities/pg
fkeys.code.tex"
\pgfkeys@pathtoks=\toks18
\pgfkeys@temptoks=\toks19

("C:/Users/glagl/AppData/Local/Programs/MiKTeX 2.9/tex/generic/pgf/utilities/pg
fkeysfiltered.code.tex"
\pgfkeys@tmptoks=\toks20
))
\pgf@x=\dimen141
\pgf@y=\dimen142
\pgf@xa=\dimen143
\pgf@ya=\dimen144
\pgf@xb=\dimen145
\pgf@yb=\dimen146
\pgf@xc=\dimen147
\pgf@yc=\dimen148
\w@pgf@writea=\write3
\r@pgf@reada=\read2
\c@pgf@counta=\count127
\c@pgf@countb=\count128
\c@pgf@countc=\count129
\c@pgf@countd=\count130
\t@pgf@toka=\toks21
\t@pgf@tokb=\toks22
\t@pgf@tokc=\toks23

("C:/Users/glagl/AppData/Local/Programs/MiKTeX 2.9/tex/generic/pgf/systemlayer/
pgf.cfg"
File: pgf.cfg 2008/05/14  (rcs-revision 1.7)
)
Driver file for pgf: pgfsys-pdftex.def

("C:/Users/glagl/AppData/Local/Programs/MiKTeX 2.9/tex/generic/pgf/systemlayer/
pgfsys-pdftex.def"
File: pgfsys-pdftex.def 2014/10/11  (rcs-revision 1.35)

("C:/Users/glagl/AppData/Local/Programs/MiKTeX 2.9/tex/generic/pgf/systemlayer/
pgfsys-common-pdf.def"
File: pgfsys-common-pdf.def 2013/10/10  (rcs-revision 1.13)
)))
("C:/Users/glagl/AppData/Local/Programs/MiKTeX 2.9/tex/generic/pgf/systemlayer/
pgfsyssoftpath.code.tex"
File: pgfsyssoftpath.code.tex 2013/09/09  (rcs-revision 1.9)
\pgfsyssoftpath@smallbuffer@items=\count131
\pgfsyssoftpath@bigbuffer@items=\count132
)
("C:/Users/glagl/AppData/Local/Programs/MiKTeX 2.9/tex/generic/pgf/systemlayer/
pgfsysprotocol.code.tex"
File: pgfsysprotocol.code.tex 2006/10/16  (rcs-revision 1.4)
))
("C:/Users/glagl/AppData/Local/Programs/MiKTeX 2.9/tex/generic/pgf/basiclayer/p
gfcore.code.tex"
Package: pgfcore 2010/04/11 v3.0.1a (rcs-revision 1.7)

("C:/Users/glagl/AppData/Local/Programs/MiKTeX 2.9/tex/generic/pgf/math/pgfmath
.code.tex"
("C:/Users/glagl/AppData/Local/Programs/MiKTeX 2.9/tex/generic/pgf/math/pgfmath
calc.code.tex"
("C:/Users/glagl/AppData/Local/Programs/MiKTeX 2.9/tex/generic/pgf/math/pgfmath
util.code.tex")
("C:/Users/glagl/AppData/Local/Programs/MiKTeX 2.9/tex/generic/pgf/math/pgfmath
parser.code.tex"
\pgfmath@dimen=\dimen149
\pgfmath@count=\count133
\pgfmath@box=\box42
\pgfmath@toks=\toks24
\pgfmath@stack@operand=\toks25
\pgfmath@stack@operation=\toks26
)
("C:/Users/glagl/AppData/Local/Programs/MiKTeX 2.9/tex/generic/pgf/math/pgfmath
functions.code.tex"
("C:/Users/glagl/AppData/Local/Programs/MiKTeX 2.9/tex/generic/pgf/math/pgfmath
functions.basic.code.tex")
("C:/Users/glagl/AppData/Local/Programs/MiKTeX 2.9/tex/generic/pgf/math/pgfmath
functions.trigonometric.code.tex")
("C:/Users/glagl/AppData/Local/Programs/MiKTeX 2.9/tex/generic/pgf/math/pgfmath
functions.random.code.tex")
("C:/Users/glagl/AppData/Local/Programs/MiKTeX 2.9/tex/generic/pgf/math/pgfmath
functions.comparison.code.tex")
("C:/Users/glagl/AppData/Local/Programs/MiKTeX 2.9/tex/generic/pgf/math/pgfmath
functions.base.code.tex")
("C:/Users/glagl/AppData/Local/Programs/MiKTeX 2.9/tex/generic/pgf/math/pgfmath
functions.round.code.tex")
("C:/Users/glagl/AppData/Local/Programs/MiKTeX 2.9/tex/generic/pgf/math/pgfmath
functions.misc.code.tex")
("C:/Users/glagl/AppData/Local/Programs/MiKTeX 2.9/tex/generic/pgf/math/pgfmath
functions.integerarithmetics.code.tex")))
("C:/Users/glagl/AppData/Local/Programs/MiKTeX 2.9/tex/generic/pgf/math/pgfmath
float.code.tex"
\c@pgfmathroundto@lastzeros=\count134
))
("C:/Users/glagl/AppData/Local/Programs/MiKTeX 2.9/tex/generic/pgf/basiclayer/p
gfcorepoints.code.tex"
File: pgfcorepoints.code.tex 2013/10/07  (rcs-revision 1.27)
\pgf@picminx=\dimen150
\pgf@picmaxx=\dimen151
\pgf@picminy=\dimen152
\pgf@picmaxy=\dimen153
\pgf@pathminx=\dimen154
\pgf@pathmaxx=\dimen155
\pgf@pathminy=\dimen156
\pgf@pathmaxy=\dimen157
\pgf@xx=\dimen158
\pgf@xy=\dimen159
\pgf@yx=\dimen160
\pgf@yy=\dimen161
\pgf@zx=\dimen162
\pgf@zy=\dimen163
)
("C:/Users/glagl/AppData/Local/Programs/MiKTeX 2.9/tex/generic/pgf/basiclayer/p
gfcorepathconstruct.code.tex"
File: pgfcorepathconstruct.code.tex 2013/10/07  (rcs-revision 1.29)
\pgf@path@lastx=\dimen164
\pgf@path@lasty=\dimen165
)
("C:/Users/glagl/AppData/Local/Programs/MiKTeX 2.9/tex/generic/pgf/basiclayer/p
gfcorepathusage.code.tex"
File: pgfcorepathusage.code.tex 2014/11/02  (rcs-revision 1.24)
\pgf@shorten@end@additional=\dimen166
\pgf@shorten@start@additional=\dimen167
)
("C:/Users/glagl/AppData/Local/Programs/MiKTeX 2.9/tex/generic/pgf/basiclayer/p
gfcorescopes.code.tex"
File: pgfcorescopes.code.tex 2015/05/08  (rcs-revision 1.46)
\pgfpic=\box43
\pgf@hbox=\box44
\pgf@layerbox@main=\box45
\pgf@picture@serial@count=\count135
)
("C:/Users/glagl/AppData/Local/Programs/MiKTeX 2.9/tex/generic/pgf/basiclayer/p
gfcoregraphicstate.code.tex"
File: pgfcoregraphicstate.code.tex 2014/11/02  (rcs-revision 1.12)
\pgflinewidth=\dimen168
)
("C:/Users/glagl/AppData/Local/Programs/MiKTeX 2.9/tex/generic/pgf/basiclayer/p
gfcoretransformations.code.tex"
File: pgfcoretransformations.code.tex 2015/08/07  (rcs-revision 1.20)
\pgf@pt@x=\dimen169
\pgf@pt@y=\dimen170
\pgf@pt@temp=\dimen171
)
("C:/Users/glagl/AppData/Local/Programs/MiKTeX 2.9/tex/generic/pgf/basiclayer/p
gfcorequick.code.tex"
File: pgfcorequick.code.tex 2008/10/09  (rcs-revision 1.3)
)
("C:/Users/glagl/AppData/Local/Programs/MiKTeX 2.9/tex/generic/pgf/basiclayer/p
gfcoreobjects.code.tex"
File: pgfcoreobjects.code.tex 2006/10/11  (rcs-revision 1.2)
)
("C:/Users/glagl/AppData/Local/Programs/MiKTeX 2.9/tex/generic/pgf/basiclayer/p
gfcorepathprocessing.code.tex"
File: pgfcorepathprocessing.code.tex 2013/09/09  (rcs-revision 1.9)
)
("C:/Users/glagl/AppData/Local/Programs/MiKTeX 2.9/tex/generic/pgf/basiclayer/p
gfcorearrows.code.tex"
File: pgfcorearrows.code.tex 2015/05/14  (rcs-revision 1.43)
\pgfarrowsep=\dimen172
)
("C:/Users/glagl/AppData/Local/Programs/MiKTeX 2.9/tex/generic/pgf/basiclayer/p
gfcoreshade.code.tex"
File: pgfcoreshade.code.tex 2013/07/15  (rcs-revision 1.15)
\pgf@max=\dimen173
\pgf@sys@shading@range@num=\count136
)
("C:/Users/glagl/AppData/Local/Programs/MiKTeX 2.9/tex/generic/pgf/basiclayer/p
gfcoreimage.code.tex"
File: pgfcoreimage.code.tex 2013/07/15  (rcs-revision 1.18)

("C:/Users/glagl/AppData/Local/Programs/MiKTeX 2.9/tex/generic/pgf/basiclayer/p
gfcoreexternal.code.tex"
File: pgfcoreexternal.code.tex 2014/07/09  (rcs-revision 1.21)
\pgfexternal@startupbox=\box46
))
("C:/Users/glagl/AppData/Local/Programs/MiKTeX 2.9/tex/generic/pgf/basiclayer/p
gfcorelayers.code.tex"
File: pgfcorelayers.code.tex 2013/07/18  (rcs-revision 1.7)
)
("C:/Users/glagl/AppData/Local/Programs/MiKTeX 2.9/tex/generic/pgf/basiclayer/p
gfcoretransparency.code.tex"
File: pgfcoretransparency.code.tex 2013/09/30  (rcs-revision 1.5)
)
("C:/Users/glagl/AppData/Local/Programs/MiKTeX 2.9/tex/generic/pgf/basiclayer/p
gfcorepatterns.code.tex"
File: pgfcorepatterns.code.tex 2013/11/07  (rcs-revision 1.5)
)))
("C:/Users/glagl/AppData/Local/Programs/MiKTeX 2.9/tex/generic/pgf/modules/pgfm
oduleshapes.code.tex"
File: pgfmoduleshapes.code.tex 2014/03/21  (rcs-revision 1.35)
\pgfnodeparttextbox=\box47
)
("C:/Users/glagl/AppData/Local/Programs/MiKTeX 2.9/tex/generic/pgf/modules/pgfm
oduleplot.code.tex"
File: pgfmoduleplot.code.tex 2015/08/03  (rcs-revision 1.13)
)
("C:/Users/glagl/AppData/Local/Programs/MiKTeX 2.9/tex/latex/pgf/compatibility/
pgfcomp-version-0-65.sty"
Package: pgfcomp-version-0-65 2007/07/03 v3.0.1a (rcs-revision 1.7)
\pgf@nodesepstart=\dimen174
\pgf@nodesepend=\dimen175
)
("C:/Users/glagl/AppData/Local/Programs/MiKTeX 2.9/tex/latex/pgf/compatibility/
pgfcomp-version-1-18.sty"
Package: pgfcomp-version-1-18 2007/07/23 v3.0.1a (rcs-revision 1.1)
))
("C:/Users/glagl/AppData/Local/Programs/MiKTeX 2.9/tex/latex/pgf/utilities/pgff
or.sty"
("C:/Users/glagl/AppData/Local/Programs/MiKTeX 2.9/tex/latex/pgf/utilities/pgfk
eys.sty"
("C:/Users/glagl/AppData/Local/Programs/MiKTeX 2.9/tex/generic/pgf/utilities/pg
fkeys.code.tex"))
("C:/Users/glagl/AppData/Local/Programs/MiKTeX 2.9/tex/latex/pgf/math/pgfmath.s
ty"
("C:/Users/glagl/AppData/Local/Programs/MiKTeX 2.9/tex/generic/pgf/math/pgfmath
.code.tex"))
("C:/Users/glagl/AppData/Local/Programs/MiKTeX 2.9/tex/generic/pgf/utilities/pg
ffor.code.tex"
Package: pgffor 2013/12/13 v3.0.1a (rcs-revision 1.25)

("C:/Users/glagl/AppData/Local/Programs/MiKTeX 2.9/tex/generic/pgf/math/pgfmath
.code.tex")
\pgffor@iter=\dimen176
\pgffor@skip=\dimen177
\pgffor@stack=\toks27
\pgffor@toks=\toks28
))
("C:/Users/glagl/AppData/Local/Programs/MiKTeX 2.9/tex/generic/pgf/frontendlaye
r/tikz/tikz.code.tex"
Package: tikz 2015/08/07 v3.0.1a (rcs-revision 1.151)

("C:/Users/glagl/AppData/Local/Programs/MiKTeX 2.9/tex/generic/pgf/libraries/pg
flibraryplothandlers.code.tex"
File: pgflibraryplothandlers.code.tex 2013/08/31 v3.0.1a (rcs-revision 1.20)
\pgf@plot@mark@count=\count137
\pgfplotmarksize=\dimen178
)
\tikz@lastx=\dimen179
\tikz@lasty=\dimen180
\tikz@lastxsaved=\dimen181
\tikz@lastysaved=\dimen182
\tikzleveldistance=\dimen183
\tikzsiblingdistance=\dimen184
\tikz@figbox=\box48
\tikz@figbox@bg=\box49
\tikz@tempbox=\box50
\tikz@tempbox@bg=\box51
\tikztreelevel=\count138
\tikznumberofchildren=\count139
\tikznumberofcurrentchild=\count140
\tikz@fig@count=\count141

("C:/Users/glagl/AppData/Local/Programs/MiKTeX 2.9/tex/generic/pgf/modules/pgfm
odulematrix.code.tex"
File: pgfmodulematrix.code.tex 2013/09/17  (rcs-revision 1.8)
\pgfmatrixcurrentrow=\count142
\pgfmatrixcurrentcolumn=\count143
\pgf@matrix@numberofcolumns=\count144
)
\tikz@expandcount=\count145

("C:/Users/glagl/AppData/Local/Programs/MiKTeX 2.9/tex/generic/pgf/frontendlaye
r/tikz/libraries/tikzlibrarytopaths.code.tex"
File: tikzlibrarytopaths.code.tex 2008/06/17 v3.0.1a (rcs-revision 1.2)
)))
("C:/Users/glagl/AppData/Local/Programs/MiKTeX 2.9/tex/latex/ltxmisc/parskip.st
y"
Package: parskip 2001/04/09 non-zero parskip adjustments
)
\c@colorCounter=\count146

("C:/Users/glagl/AppData/Local/Programs/MiKTeX 2.9/tex/latex/textpos/textpos.st
y"
Package: textpos 2014/01/03 v1.7j

Package: textpos 2014/01/03 1.7j, absolute positioning of text on the page
\TP@textbox=\box52
\TP@holdbox=\box53
\TPHorizModule=\dimen185
\TPVertModule=\dimen186
\TP@margin=\dimen187
\TP@absmargin=\dimen188
Grid set 16 x 16 = 38.39343pt x 49.68562pt
\TPboxrulesize=\dimen189
\TP@ox=\dimen190
\TP@oy=\dimen191
\TP@tbargs=\toks29
\TP@prevdepth=\dimen192
TextBlockOrigin set to 0pt x 0pt
)
("C:/Users/glagl/AppData/Local/Programs/MiKTeX 2.9/tex/latex/biblatex/biblatex.
sty"
Package: biblatex 2016/03/03 v3.3 programmable bibliographies (PK/JW/AB)


Package biblatex Warning: No "backend" specified, using Biber backend.
(biblatex)                To use BibTeX, load biblatex with 
(biblatex)                the "backend=bibtex" option.


("C:/Users/glagl/AppData/Local/Programs/MiKTeX 2.9/tex/latex/biblatex/biblatex_
.sty"
Package: biblatex_ 2016/03/03 v3.3 programmable bibliographies (biber) (PK/JW/AB
)

("C:/Users/glagl/AppData/Local/Programs/MiKTeX 2.9/tex/latex/oberdiek/kvoptions
.sty"
Package: kvoptions 2011/06/30 v3.11 Key value format for package options (HO)

("C:/Users/glagl/AppData/Local/Programs/MiKTeX 2.9/tex/generic/oberdiek/kvsetke
ys.sty"
Package: kvsetkeys 2012/04/25 v1.16 Key value parser (HO)

("C:/Users/glagl/AppData/Local/Programs/MiKTeX 2.9/tex/generic/oberdiek/etexcmd
s.sty"
Package: etexcmds 2011/02/16 v1.5 Avoid name clashes with e-TeX commands (HO)
)))
("C:/Users/glagl/AppData/Local/Programs/MiKTeX 2.9/tex/latex/logreq/logreq.sty"
Package: logreq 2010/08/04 v1.0 xml request logger
\lrq@indent=\count147
("C:/Users/glagl/AppData/Local/Programs/MiKTeX 2.9/tex/latex/logreq/logreq.def"
File: logreq.def 2010/08/04 v1.0 logreq spec v1.0
)) ("C:/Users/glagl/AppData/Local/Programs/MiKTeX 2.9/tex/latex/base/ifthen.sty
"
Package: ifthen 2014/09/29 v1.1c Standard LaTeX ifthen package (DPC)
) ("C:/Users/glagl/AppData/Local/Programs/MiKTeX 2.9/tex/latex/url/url.sty"
\Urlmuskip=\muskip17
Package: url 2013/09/16  ver 3.4  Verb mode for urls, etc.
)
\c@tabx@nest=\count148
\c@listtotal=\count149
\c@listcount=\count150
\c@liststart=\count151
\c@liststop=\count152
\c@citecount=\count153
\c@citetotal=\count154
\c@multicitecount=\count155
\c@multicitetotal=\count156
\c@instcount=\count157
\c@maxnames=\count158
\c@minnames=\count159
\c@maxitems=\count160
\c@minitems=\count161
\c@citecounter=\count162
\c@savedcitecounter=\count163
\c@uniquelist=\count164
\c@uniquename=\count165
\c@refsection=\count166
\c@refsegment=\count167
\c@maxextratitle=\count168
\c@maxextratitleyear=\count169
\c@maxextrayear=\count170
\c@maxextraalpha=\count171
\c@abbrvpenalty=\count172
\c@highnamepenalty=\count173
\c@lownamepenalty=\count174
\c@maxparens=\count175
\c@parenlevel=\count176
\blx@tempcnta=\count177
\blx@tempcntb=\count178
\blx@tempcntc=\count179
\blx@maxsection=\count180
\blx@maxsegment@0=\count181
\blx@notetype=\count182
\blx@parenlevel@text=\count183
\blx@parenlevel@foot=\count184
\blx@sectionciteorder@0=\count185
\labelnumberwidth=\skip49
\labelalphawidth=\skip50
\biblabelsep=\skip51
\bibitemsep=\skip52
\bibnamesep=\skip53
\bibinitsep=\skip54
\bibparsep=\skip55
\bibhang=\skip56
\blx@bcfin=\read3
\blx@bcfout=\write4
\c@mincomprange=\count186
\c@maxcomprange=\count187
\c@mincompwidth=\count188
Package biblatex Info: Trying to load biblatex default data model...
Package biblatex Info: ... file 'blx-dm.def' found.

("C:/Users/glagl/AppData/Local/Programs/MiKTeX 2.9/tex/latex/biblatex/blx-dm.de
f")
Package biblatex Info: Trying to load biblatex style data model...
Package biblatex Info: ... file 'verbose.dbx' not found.
Package biblatex Info: Trying to load biblatex custom data model...
Package biblatex Info: ... file 'biblatex-dm.cfg' not found.
\c@afterword=\count189
\c@savedafterword=\count190
\c@annotator=\count191
\c@savedannotator=\count192
\c@author=\count193
\c@savedauthor=\count194
\c@bookauthor=\count195
\c@savedbookauthor=\count196
\c@commentator=\count197
\c@savedcommentator=\count198
\c@editor=\count199
\c@savededitor=\count266
\c@editora=\count267
\c@savededitora=\count268
\c@editorb=\count269
\c@savededitorb=\count270
\c@editorc=\count271
\c@savededitorc=\count272
\c@foreword=\count273
\c@savedforeword=\count274
\c@holder=\count275
\c@savedholder=\count276
\c@introduction=\count277
\c@savedintroduction=\count278
\c@namea=\count279
\c@savednamea=\count280
\c@nameb=\count281
\c@savednameb=\count282
\c@namec=\count283
\c@savednamec=\count284
\c@translator=\count285
\c@savedtranslator=\count286
\c@shortauthor=\count287
\c@savedshortauthor=\count288
\c@shorteditor=\count289
\c@savedshorteditor=\count290
\c@labelname=\count291
\c@savedlabelname=\count292
\c@institution=\count293
\c@savedinstitution=\count294
\c@lista=\count295
\c@savedlista=\count296
\c@listb=\count297
\c@savedlistb=\count298
\c@listc=\count299
\c@savedlistc=\count300
\c@listd=\count301
\c@savedlistd=\count302
\c@liste=\count303
\c@savedliste=\count304
\c@listf=\count305
\c@savedlistf=\count306
\c@location=\count307
\c@savedlocation=\count308
\c@organization=\count309
\c@savedorganization=\count310
\c@origlocation=\count311
\c@savedoriglocation=\count312
\c@origpublisher=\count313
\c@savedorigpublisher=\count314
\c@publisher=\count315
\c@savedpublisher=\count316
\c@language=\count317
\c@savedlanguage=\count318
\c@pageref=\count319
\c@savedpageref=\count320
\shorthandwidth=\skip57
\shortjournalwidth=\skip58
\shortserieswidth=\skip59
\shorttitlewidth=\skip60
\shortauthorwidth=\skip61
\shorteditorwidth=\skip62
Package biblatex Info: Trying to load compatibility code...
Package biblatex Info: ... file 'blx-compat.def' found.

("C:/Users/glagl/AppData/Local/Programs/MiKTeX 2.9/tex/latex/biblatex/blx-compa
t.def"
File: blx-compat.def 2016/03/03 v3.3 biblatex compatibility (PK/JW/AB)
)
Package biblatex Info: Trying to load generic definitions...
Package biblatex Info: ... file 'biblatex_.def' found.

("C:/Users/glagl/AppData/Local/Programs/MiKTeX 2.9/tex/latex/biblatex/biblatex_
.def"
File: biblatex_.def 
\c@textcitecount=\count321
\c@textcitetotal=\count322
\c@textcitemaxnames=\count323
\c@biburlnumpenalty=\count324
\c@biburlucpenalty=\count325
\c@biburllcpenalty=\count326
\c@smartand=\count327
)
Package biblatex Info: Trying to load bibliography style 'verbose'...
Package biblatex Info: ... file 'verbose.bbx' found.

("C:/Users/glagl/AppData/Local/Programs/MiKTeX 2.9/tex/latex/biblatex/bbx/verbo
se.bbx"
File: verbose.bbx 2016/03/03 v3.3 biblatex bibliography style (PK/JW/AB)
Package biblatex Info: Trying to load bibliography style 'authortitle'...
Package biblatex Info: ... file 'authortitle.bbx' found.

("C:/Users/glagl/AppData/Local/Programs/MiKTeX 2.9/tex/latex/biblatex/bbx/autho
rtitle.bbx"
File: authortitle.bbx 2016/03/03 v3.3 biblatex bibliography style (PK/JW/AB)
Package biblatex Info: Trying to load bibliography style 'standard'...
Package biblatex Info: ... file 'standard.bbx' found.

("C:/Users/glagl/AppData/Local/Programs/MiKTeX 2.9/tex/latex/biblatex/bbx/stand
ard.bbx"
File: standard.bbx 2016/03/03 v3.3 biblatex bibliography style (PK/JW/AB)
\c@bbx:relatedcount=\count328
\c@bbx:relatedtotal=\count329
)))
Package biblatex Info: Trying to load citation style 'verbose'...
Package biblatex Info: ... file 'verbose.cbx' found.

("C:/Users/glagl/AppData/Local/Programs/MiKTeX 2.9/tex/latex/biblatex/cbx/verbo
se.cbx"
File: verbose.cbx 2016/03/03 v3.3 biblatex citation style (PK/JW/AB)
Package biblatex Info: Redefining '\cite'.
Package biblatex Info: Redefining '\parencite'.
Package biblatex Info: Redefining '\footcite'.
Package biblatex Info: Redefining '\footcitetext'.
Package biblatex Info: Redefining '\smartcite'.
Package biblatex Info: Redefining '\textcite'.
Package biblatex Info: Redefining '\textcites'.
)
Package biblatex Info: Trying to load configuration file...
Package biblatex Info: ... file 'biblatex.cfg' found.

("C:/Users/glagl/AppData/Local/Programs/MiKTeX 2.9/tex/latex/biblatex/biblatex.
cfg"
File: biblatex.cfg 
)))
("C:/Users/glagl/AppData/Local/Programs/MiKTeX 2.9/tex/latex/geometry/geometry.
sty"
Package: geometry 2010/09/12 v5.6 Page Geometry

("C:/Users/glagl/AppData/Local/Programs/MiKTeX 2.9/tex/generic/oberdiek/ifpdf.s
ty"
Package: ifpdf 2011/01/30 v2.3 Provides the ifpdf switch (HO)
Package ifpdf Info: pdfTeX in PDF mode is detected.
)
("C:/Users/glagl/AppData/Local/Programs/MiKTeX 2.9/tex/generic/oberdiek/ifvtex.
sty"
Package: ifvtex 2010/03/01 v1.5 Detect VTeX and its facilities (HO)
Package ifvtex Info: VTeX not detected.
)
\Gm@cnth=\count330
\Gm@cntv=\count331
\c@Gm@tempcnt=\count332
\Gm@bindingoffset=\dimen193
\Gm@wd@mp=\dimen194
\Gm@odd@mp=\dimen195
\Gm@even@mp=\dimen196
\Gm@layoutwidth=\dimen197
\Gm@layoutheight=\dimen198
\Gm@layouthoffset=\dimen199
\Gm@layoutvoffset=\dimen256
\Gm@dimlist=\toks30

("C:/Users/glagl/AppData/Local/Programs/MiKTeX 2.9/tex/latex/geometry/geometry.
cfg"))
("C:/Users/glagl/AppData/Local/Programs/MiKTeX 2.9/tex/latex/hyperref/hyperref.
sty"
Package: hyperref 2012/11/06 v6.83m Hypertext links for LaTeX

("C:/Users/glagl/AppData/Local/Programs/MiKTeX 2.9/tex/generic/oberdiek/hobsub-
hyperref.sty"
Package: hobsub-hyperref 2012/04/25 v1.12 Bundle oberdiek, subset hyperref (HO)

("C:/Users/glagl/AppData/Local/Programs/MiKTeX 2.9/tex/generic/oberdiek/hobsub-
generic.sty"
Package: hobsub-generic 2012/04/25 v1.12 Bundle oberdiek, subset generic (HO)
Package: hobsub 2012/04/25 v1.12 Construct package bundles (HO)
Package hobsub Info: Skipping package `infwarerr' (already loaded).
Package hobsub Info: Skipping package `ltxcmds' (already loaded).
Package hobsub Info: Skipping package `ifluatex' (already loaded).
Package hobsub Info: Skipping package `ifvtex' (already loaded).
Package: intcalc 2007/09/27 v1.1 Expandable calculations with integers (HO)
Package hobsub Info: Skipping package `ifpdf' (already loaded).
Package hobsub Info: Skipping package `etexcmds' (already loaded).
Package hobsub Info: Skipping package `kvsetkeys' (already loaded).
Package: kvdefinekeys 2011/04/07 v1.3 Define keys (HO)
Package: luatex-loader 2010/03/09 v0.4 Lua module loader (HO)

(C:/Users/glagl/AppData/Local/Programs/MiKTeX 2.9/scripts/oberdiek/oberdiek.luat
ex.lua)
Package: pdftexcmds 2011/11/29 v0.20 Utility functions of pdfTeX for LuaTeX (HO)

Package pdftexcmds Info: \pdf@primitive is available.
Package pdftexcmds Info: \pdf@ifprimitive is available.
Package pdftexcmds Info: \pdfdraftmode found.
\pdftexcmds@toks=\toks31
Package: pdfescape 2011/11/25 v1.13 Implements pdfTeX's escape features (HO)
Package: bigintcalc 2012/04/08 v1.3 Expandable calculations on big integers (HO)

Package: bitset 2011/01/30 v1.1 Handle bit-vector datatype (HO)
Package: uniquecounter 2011/01/30 v1.2 Provide unlimited unique counter (HO)
)
Package hobsub Info: Skipping package `hobsub' (already loaded).
Package: letltxmacro 2010/09/02 v1.4 Let assignment for LaTeX macros (HO)
Package: hopatch 2011/06/24 v1.1 Wrapper for package hooks (HO)
Package: xcolor-patch 2011/01/30 xcolor patch
Package: atveryend 2011/06/30 v1.8 Hooks at the very end of document (HO)
Package: atbegshi 2011/10/05 v1.16 At begin shipout hook (HO)
Package: refcount 2011/10/16 v3.4 Data extraction from label references (HO)
Package: hycolor 2011/01/30 v1.7 Color options for hyperref/bookmark (HO)
)
("C:/Users/glagl/AppData/Local/Programs/MiKTeX 2.9/tex/latex/oberdiek/auxhook.s
ty"
Package: auxhook 2011/03/04 v1.3 Hooks for auxiliary files (HO)
)
\@linkdim=\dimen257
\Hy@linkcounter=\count333
\Hy@pagecounter=\count334

("C:/Users/glagl/AppData/Local/Programs/MiKTeX 2.9/tex/latex/hyperref/pd1enc.de
f"
File: pd1enc.def 2012/11/06 v6.83m Hyperref: PDFDocEncoding definition (HO)
)
\Hy@SavedSpaceFactor=\count335

("C:/Users/glagl/AppData/Local/Programs/MiKTeX 2.9/tex/latex/00miktex/hyperref.
cfg"
File: hyperref.cfg 2002/06/06 v1.2 hyperref configuration of TeXLive
)
Package hyperref Info: Hyper figures OFF on input line 4443.
Package hyperref Info: Link nesting OFF on input line 4448.
Package hyperref Info: Hyper index ON on input line 4451.
Package hyperref Info: Plain pages OFF on input line 4458.
Package hyperref Info: Backreferencing OFF on input line 4463.
Package hyperref Info: Implicit mode ON; LaTeX internals redefined.
Package hyperref Info: Bookmarks ON on input line 4688.
\c@Hy@tempcnt=\count336
LaTeX Info: Redefining \url on input line 5041.
\XeTeXLinkMargin=\dimen258
\Fld@menulength=\count337
\Field@Width=\dimen259
\Fld@charsize=\dimen260
Package hyperref Info: Hyper figures OFF on input line 6295.
Package hyperref Info: Link nesting OFF on input line 6300.
Package hyperref Info: Hyper index ON on input line 6303.
Package hyperref Info: backreferencing OFF on input line 6310.
Package hyperref Info: Link coloring OFF on input line 6315.
Package hyperref Info: Link coloring with OCG OFF on input line 6320.
Package hyperref Info: PDF/A mode OFF on input line 6325.
LaTeX Info: Redefining \ref on input line 6365.
LaTeX Info: Redefining \pageref on input line 6369.
\Hy@abspage=\count338
\c@Item=\count339
\c@Hfootnote=\count340
)

Package hyperref Message: Driver (autodetected): hpdftex.


("C:/Users/glagl/AppData/Local/Programs/MiKTeX 2.9/tex/latex/hyperref/hpdftex.d
ef"
File: hpdftex.def 2012/11/06 v6.83m Hyperref driver for pdfTeX
\Fld@listcount=\count341
\c@bookmark@seq@number=\count342

("C:/Users/glagl/AppData/Local/Programs/MiKTeX 2.9/tex/latex/oberdiek/rerunfile
check.sty"
Package: rerunfilecheck 2011/04/15 v1.7 Rerun checks for auxiliary files (HO)
Package uniquecounter Info: New unique counter `rerunfilecheck' on input line 28
2.
)
\Hy@SectionHShift=\skip63
)
Package hyperref Info: Option `colorlinks' set `false' on input line 326.
)
("C:/Users/glagl/AppData/Local/Programs/MiKTeX 2.9/tex/latex/fontawesome/fontaw
esome.sty"
Package: fontawesome 2015/07/30 v4.4.0 font awesome icons

("C:/Users/glagl/AppData/Local/Programs/MiKTeX 2.9/tex/latex/fontawesome/fontaw
esomesymbols-generic.tex")
luaotfload | load : Lookup/name: "FontAwesome" -> "fontawesome.otf"(load luc: C:
/Users/glagl/AppData/Local/MiKTeX/2.9/luatex-cache/generic/fonts/otf/fontawesome
.luc)
luaotfload | load : Lookup/name: "FontAwesome" -> "fontawesome.otf"
luaotfload | aux : font no 28 (FontAwesome) defines no feature for script latn
luaotfload | aux : no font with id 28
\g__fontspec_family_FontAwesome_int=\count343
luaotfload | load : Lookup/name: "FontAwesome" -> "fontawesome.otf"
luaotfload | load : Lookup/name: "FontAwesome" -> "fontawesome.otf"
luaotfload | load : Lookup/name: "FontAwesome" -> "fontawesome.otf"
luaotfload | load : Lookup/name: "FontAwesome" -> "fontawesome.otf"
luaotfload | load : Lookup/name: "FontAwesome" -> "fontawesome.otf"
luaotfload | load : Lookup/name: "FontAwesome" -> "fontawesome.otf"
luaotfload | load : Lookup/name: "FontAwesome" -> "fontawesome.otf"
luaotfload | load : Lookup/name: "FontAwesome" -> "fontawesome.otf"
luaotfload | aux : font no 28 (FontAwesome) does not define feature smcp for scr
ipt  with language 
luaotfload | aux : no font with id 28
("C:/Users/glagl/AppData/Local/Programs/MiKTeX 2.9/tex/latex/fontawesome/fontaw
esomesymbols-xeluatex.tex"))
luaotfload | load : Lookup/name: "Segoe UI" -> "segoeui.ttf"
luaotfload | load : Lookup/name: "Segoe UI" -> "segoeui.ttf"
luaotfload | load : Lookup/name: "Segoe UI" -> "segoeui.ttf"
luaotfload | load : Lookup/name: "Segoe UI" -> "segoeuiz.ttf"
luaotfload | load : Lookup/name: "Segoe UI" -> "segoeui.ttf"
luaotfload | load : Lookup/name: "Segoe UI" -> "segoeuib.ttf"
luaotfload | load : Lookup/name: "Segoe UI" -> "segoeui.ttf"
luaotfload | load : Lookup/name: "Segoe UI" -> "segoeuii.ttf"
luaotfload | load : Lookup/name: "SegoeUI" -> "segoeui.ttf"
luaotfload | load : Lookup/name: "SegoeUI" -> "segoeui.ttf"
luaotfload | load : Lookup/name: "SegoeUI" -> "segoeuib.ttf"
luaotfload | load : Lookup/name: "SegoeUI" -> "segoeuib.ttf"
luaotfload | load : Lookup/name: "SegoeUI" -> "segoeuii.ttf"
luaotfload | load : Lookup/name: "SegoeUI" -> "segoeuii.ttf"
luaotfload | load : Lookup/name: "SegoeUI" -> "segoeuiz.ttf"
luaotfload | load : Lookup/name: "SegoeUI" -> "segoeuiz.ttf"
LaTeX Info: Redefining \bodyfont on input line 5.
luaotfload | load : Lookup/name: "Segoe UI Light" -> "segoeuil.ttf"
luaotfload | load : Lookup/name: "Segoe UI Light" -> "segoeuil.ttf"
luaotfload | load : Lookup/name: "Segoe UI Light" -> "segoeuil.ttf"
luaotfload | load : Lookup/name: "Segoe UI Light" -> "segoeuil.ttf"
luaotfload | load : Lookup/name: "Segoe UI Light" -> "segoeuil.ttf"
luaotfload | load : Lookup/name: "Segoe UI Light" -> "segoeuil.ttf"
luaotfload | load : Lookup/name: "Segoe UI Light" -> "segoeuil.ttf"
luaotfload | load : Lookup/name: "Segoe UI Light" -> "segoeuil.ttf"
luaotfload | load : Lookup/name: "SegoeUILight" -> "segoeuil.ttf"
luaotfload | load : Lookup/name: "SegoeUILight" -> "segoeuil.ttf"
LaTeX Info: Redefining \thinfont on input line 6.
luaotfload | load : Lookup/name: "Segoe UI Semibold" -> "seguisb.ttf"
luaotfload | load : Lookup/name: "Segoe UI Semibold" -> "seguisb.ttf"
luaotfload | load : Lookup/name: "Segoe UI Semibold" -> "seguisb.ttf"
luaotfload | load : Lookup/name: "Segoe UI Semibold" -> "seguisb.ttf"
luaotfload | load : Lookup/name: "Segoe UI Semibold" -> "seguisb.ttf"
luaotfload | load : Lookup/name: "Segoe UI Semibold" -> "seguisb.ttf"
luaotfload | load : Lookup/name: "Segoe UI Semibold" -> "seguisb.ttf"
luaotfload | load : Lookup/name: "Segoe UI Semibold" -> "seguisb.ttf"
luaotfload | load : Lookup/name: "SegoeUISemibold" -> "seguisb.ttf"
luaotfload | load : Lookup/name: "SegoeUISemibold" -> "seguisb.ttf"
LaTeX Info: Redefining \headingfont on input line 7.
.................................................
. lualatex-math info: "patch-macro"
. 
. I'm going to patch macro \frac.
.................................................
Package biblatex Info: Trying to load language 'english'...
Package biblatex Info: ... file 'english.lbx' found.

("C:/Users/glagl/AppData/Local/Programs/MiKTeX 2.9/tex/latex/biblatex/lbx/engli
sh.lbx"
File: english.lbx 2016/03/03 v3.3 biblatex localization (PK/JW/AB)
)
\@quotelevel=\count344
\@quotereset=\count345
 (./CV_FR_FR.aux)
\openout1 = CV_FR_FR.aux

LaTeX Font Info:    Checking defaults for OML/cmm/m/it on input line 21.
LaTeX Font Info:    ... okay on input line 21.
LaTeX Font Info:    Checking defaults for T1/cmr/m/n on input line 21.
LaTeX Font Info:    ... okay on input line 21.
LaTeX Font Info:    Checking defaults for OT1/cmr/m/n on input line 21.
LaTeX Font Info:    ... okay on input line 21.
LaTeX Font Info:    Checking defaults for OMS/cmsy/m/n on input line 21.
LaTeX Font Info:    ... okay on input line 21.
LaTeX Font Info:    Checking defaults for OMX/cmex/m/n on input line 21.
LaTeX Font Info:    ... okay on input line 21.
LaTeX Font Info:    Checking defaults for U/cmr/m/n on input line 21.
LaTeX Font Info:    ... okay on input line 21.
LaTeX Font Info:    Checking defaults for EU2/lmr/m/n on input line 21.
LaTeX Font Info:    ... okay on input line 21.
LaTeX Font Info:    Checking defaults for T3/cmr/m/n on input line 21.
LaTeX Font Info:    Try loading font information for T3+cmr on input line 21.

("C:/Users/glagl/AppData/Local/Programs/MiKTeX 2.9/tex/latex/tipa/t3cmr.fd"
File: t3cmr.fd 2001/12/31 TIPA font definitions
)
LaTeX Font Info:    ... okay on input line 21.
LaTeX Font Info:    Checking defaults for TS1/cmr/m/n on input line 21.
LaTeX Font Info:    ... okay on input line 21.
LaTeX Font Info:    Checking defaults for PD1/pdf/m/n on input line 21.
LaTeX Font Info:    ... okay on input line 21.

("C:/Users/glagl/AppData/Local/Programs/MiKTeX 2.9/tex/context/base/supp-pdf.mk
ii"
[Loading MPS to PDF converter (version 2006.09.02).]
\scratchcounter=\count346
\scratchdimen=\dimen261
\scratchbox=\box54
\nofMPsegments=\count347
\nofMParguments=\count348
\everyMPshowfont=\toks32
\MPscratchCnt=\count349
\MPscratchDim=\dimen262
\MPnumerator=\count350
\makeMPintoPDFobject=\count351
\everyMPtoPDFconversion=\toks33
)
luaotfload | load : path lookup of "latinmodern-math.otf" unsuccessful, falling 
back to file:(load luc: C:/Users/glagl/AppData/Local/MiKTeX/2.9/luatex-cache/gen
eric/fonts/otf/latinmodern-math.luc)
luaotfload | load : path lookup of "latinmodern-math.otf" unsuccessful, falling 
back to file:
\g__fontspec_family_latinmodern-math.otf_int=\count352
luaotfload | load : path lookup of "latinmodern-math" unsuccessful, falling back
 to file:
luaotfload | load : path lookup of "latinmodern-math" unsuccessful, falling back
 to file:
luaotfload | aux : font no 30 (LatinModernMath-Regular) does not define feature 
smcp for script math with language dflt
luaotfload | aux : no font with id 30
luaotfload | load : path lookup of "latinmodern-math" unsuccessful, falling back
 to file:
luaotfload | load : path lookup of "latinmodern-math" unsuccessful, falling back
 to file:
luaotfload | load : path lookup of "latinmodern-math" unsuccessful, falling back
 to file:
luaotfload | load : path lookup of "latinmodern-math" unsuccessful, falling back
 to file:
luaotfload | aux : font no 30 (LatinModernMath-Regular) does not define feature 
smcp for script math with language dflt
luaotfload | aux : no font with id 30
luaotfload | load : path lookup of "latinmodern-math" unsuccessful, falling back
 to file:
luaotfload | load : path lookup of "latinmodern-math.otf" unsuccessful, falling 
back to file:
luaotfload | load : path lookup of "latinmodern-math.otf" unsuccessful, falling 
back to file:
luaotfload | load : path lookup of "latinmodern-math.otf" unsuccessful, falling 
back to file:
luaotfload | load : path lookup of "latinmodern-math.otf" unsuccessful, falling 
back to file:
LaTeX Font Info:    Encoding `OT1' has changed to `EU2' for symbol font
(Font)              `operators' in the math version `normal' on input line 21.
LaTeX Font Info:    Overwriting symbol font `operators' in version `normal'
(Font)                  OT1/cmr/m/n --> EU2/latinmodern-math.otf(0)/m/n on input
 line 21.
LaTeX Font Info:    Encoding `OT1' has changed to `EU2' for symbol font
(Font)              `operators' in the math version `bold' on input line 21.
LaTeX Font Info:    Overwriting symbol font `operators' in version `bold'
(Font)                  OT1/cmr/bx/n --> EU2/latinmodern-math.otf(0)/bx/n on inp
ut line 21.
luaotfload | load : path lookup of "latinmodern-math.otf" unsuccessful, falling 
back to file:
luaotfload | load : path lookup of "latinmodern-math.otf" unsuccessful, falling 
back to file:
luaotfload | load : path lookup of "latinmodern-math" unsuccessful, falling back
 to file:
luaotfload | load : path lookup of "latinmodern-math" unsuccessful, falling back
 to file:
luaotfload | aux : font no 30 (LatinModernMath-Regular) does not define feature 
smcp for script math with language dflt
luaotfload | aux : no font with id 30
luaotfload | load : path lookup of "latinmodern-math" unsuccessful, falling back
 to file:
luaotfload | load : path lookup of "latinmodern-math" unsuccessful, falling back
 to file:
luaotfload | load : path lookup of "latinmodern-math" unsuccessful, falling back
 to file:
luaotfload | load : path lookup of "latinmodern-math" unsuccessful, falling back
 to file:
luaotfload | aux : font no 30 (LatinModernMath-Regular) does not define feature 
smcp for script math with language dflt
luaotfload | aux : no font with id 30
LaTeX Font Info:    Encoding `OMS' has changed to `EU2' for symbol font
(Font)              `symbols' in the math version `normal' on input line 21.
LaTeX Font Info:    Overwriting symbol font `symbols' in version `normal'
(Font)                  OMS/cmsy/m/n --> EU2/latinmodern-math.otf(1)/m/n on inpu
t line 21.
LaTeX Font Info:    Encoding `OMS' has changed to `EU2' for symbol font
(Font)              `symbols' in the math version `bold' on input line 21.
LaTeX Font Info:    Overwriting symbol font `symbols' in version `bold'
(Font)                  OMS/cmsy/b/n --> EU2/latinmodern-math.otf(1)/bx/n on inp
ut line 21.
luaotfload | load : path lookup of "latinmodern-math.otf" unsuccessful, falling 
back to file:
luaotfload | load : path lookup of "latinmodern-math.otf" unsuccessful, falling 
back to file:
luaotfload | load : path lookup of "latinmodern-math" unsuccessful, falling back
 to file:
luaotfload | load : path lookup of "latinmodern-math" unsuccessful, falling back
 to file:
luaotfload | aux : font no 30 (LatinModernMath-Regular) does not define feature 
smcp for script math with language dflt
luaotfload | aux : no font with id 30
luaotfload | load : path lookup of "latinmodern-math" unsuccessful, falling back
 to file:
luaotfload | load : path lookup of "latinmodern-math" unsuccessful, falling back
 to file:
luaotfload | load : path lookup of "latinmodern-math" unsuccessful, falling back
 to file:
luaotfload | load : path lookup of "latinmodern-math" unsuccessful, falling back
 to file:
luaotfload | aux : font no 30 (LatinModernMath-Regular) does not define feature 
smcp for script math with language dflt
luaotfload | aux : no font with id 30
LaTeX Font Info:    Encoding `OMX' has changed to `EU2' for symbol font
(Font)              `largesymbols' in the math version `normal' on input line 21
.
LaTeX Font Info:    Overwriting symbol font `largesymbols' in version `normal'
(Font)                  OMX/cmex/m/n --> EU2/latinmodern-math.otf(2)/m/n on inpu
t line 21.
LaTeX Font Info:    Encoding `OMX' has changed to `EU2' for symbol font
(Font)              `largesymbols' in the math version `bold' on input line 21.
LaTeX Font Info:    Overwriting symbol font `largesymbols' in version `bold'
(Font)                  OMX/cmex/m/n --> EU2/latinmodern-math.otf(2)/bx/n on inp
ut line 21.
 ABD: EveryShipout initializing macros
Package biblatex Info: LuaTeX detected.
(biblatex)             Assuming input encoding 'utf8'.
Package biblatex Info: Automatic encoding selection.
(biblatex)             Assuming data encoding 'utf8'.

\openout4 = CV_FR_FR.bcf
Package biblatex Info: Trying to load bibliographic data...
Package biblatex Info: ... file 'CV_FR_FR.bbl' not found.

No file CV_FR_FR.bbl.
Package biblatex Info: Reference section=0 on input line 21.
Package biblatex Info: Reference segment=0 on input line 21.
*geometry* driver: auto-detecting
*geometry* detected driver: pdftex
*geometry* verbose mode - [ preamble ] result:
* driver: pdftex
* paper: <default>
* layout: <same size as paper>
* layoutoffset:(h,v)=(0.0pt,0.0pt)
* modes: 
* h-part:(L,W,R)=(173.56198pt, 398.0539pt, 42.67912pt)
* v-part:(T,H,B)=(56.9055pt, 666.9326pt, 71.13188pt)
* \paperwidth=614.295pt
* \paperheight=794.96999pt
* \textwidth=398.0539pt
* \textheight=666.9326pt
* \oddsidemargin=101.29199pt
* \evensidemargin=101.29199pt
* \topmargin=-15.36449pt
* \headheight=0.0pt
* \headsep=0.0pt
* \topskip=10.0pt
* \footskip=0.0pt
* \marginparwidth=65.0pt
* \marginparsep=11.0pt
* \columnsep=10.0pt
* \skip\footins=9.0pt plus 4.0pt minus 2.0pt
* \hoffset=0.0pt
* \voffset=0.0pt
* \mag=1000
* \@twocolumnfalse
* \@twosidefalse
* \@mparswitchfalse
* \@reversemarginfalse
* (1in=72.27pt=25.4mm, 1cm=28.453pt)

\AtBeginShipoutBox=\box55
Package hyperref Info: Link coloring OFF on input line 21.

("C:/Users/glagl/AppData/Local/Programs/MiKTeX 2.9/tex/latex/hyperref/nameref.s
ty"
Package: nameref 2012/10/27 v2.43 Cross-referencing by name of section

("C:/Users/glagl/AppData/Local/Programs/MiKTeX 2.9/tex/generic/oberdiek/gettitl
estring.sty"
Package: gettitlestring 2010/12/03 v1.4 Cleanup title references (HO)
)
\c@section@level=\count353
)
LaTeX Info: Redefining \ref on input line 21.
LaTeX Info: Redefining \pageref on input line 21.
LaTeX Info: Redefining \nameref on input line 21.
 (./CV_FR_FR.out) (./CV_FR_FR.out)
\@outlinefile=\write5

\openout5 = CV_FR_FR.out
luaotfload | load : Lookup/name: "FontAwesome" -> "fontawesome.otf"
luaotfload | load : Lookup/name: "FontAwesome" -> "fontawesome.otf"
luaotfload | aux : font no 28 (FontAwesome) defines no feature for script latn
luaotfload | aux : no font with id 28
LaTeX Info: Redefining \FA on input line 22.
luaotfload | load : Lookup/name: "SegoeUILight" -> "segoeuil.ttf"
luaotfload | load : Lookup/name: "SegoeUI" -> "segoeui.ttf"
luaotfload | load : Lookup/name: "SegoeUILight" -> "segoeuil.ttf"
luaotfload | load : Lookup/name: "SegoeUILight" -> "segoeuil.ttf"
luaotfload | load : Lookup/name: "SegoeUISemibold" -> "seguisb.ttf"
luaotfload | load : Lookup/name: "FontAwesome" -> "fontawesome.otf"
luaotfload | load : Lookup/name: "SegoeUILight" -> "segoeuil.ttf"
luaotfload | load : Lookup/name: "FontAwesome" -> "fontawesome.otf"

LaTeX Font Warning: Font shape `EU2/SegoeUILight(1)/m/it' undefined
(Font)              using `EU2/SegoeUILight(1)/m/n' instead on input line 51.

luaotfload | load : Lookup/name: "SegoeUILight" -> "segoeuil.ttf"
luaotfload | load : Lookup/name: "SegoeUILight" -> "segoeuil.ttf"
luaotfload | load : Lookup/name: "SegoeUISemibold" -> "seguisb.ttf"
luaotfload | load : Lookup/name: "SegoeUISemibold" -> "seguisb.ttf"
Underfull \hbox (badness 10000) in paragraph at lines 59--60

 []

luaotfload | load : path lookup of "latinmodern-math" unsuccessful, falling back
 to file:
luaotfload | load : path lookup of "latinmodern-math" unsuccessful, falling back
 to file:
LaTeX Font Info:    Font shape `EU2/latinmodern-math.otf(1)/m/n' will be
(Font)              scaled to size 10.00015pt on input line 61.
luaotfload | load : path lookup of "latinmodern-math" unsuccessful, falling back
 to file:
LaTeX Font Info:    Font shape `EU2/latinmodern-math.otf(1)/m/n' will be
(Font)              scaled to size 7.01247pt on input line 61.
luaotfload | load : path lookup of "latinmodern-math" unsuccessful, falling back
 to file:
LaTeX Font Info:    Font shape `EU2/latinmodern-math.otf(1)/m/n' will be
(Font)              scaled to size 4.9808pt on input line 61.
luaotfload | load : path lookup of "latinmodern-math" unsuccessful, falling back
 to file:
LaTeX Font Info:    Font shape `EU2/latinmodern-math.otf(2)/m/n' will be
(Font)              scaled to size 9.99985pt on input line 61.
luaotfload | load : path lookup of "latinmodern-math" unsuccessful, falling back
 to file:
LaTeX Font Info:    Font shape `EU2/latinmodern-math.otf(2)/m/n' will be
(Font)              scaled to size 7.01224pt on input line 61.
luaotfload | load : path lookup of "latinmodern-math" unsuccessful, falling back
 to file:
LaTeX Font Info:    Font shape `EU2/latinmodern-math.otf(2)/m/n' will be
(Font)              scaled to size 4.98067pt on input line 61.
luaotfload | load : path lookup of "latinmodern-math" unsuccessful, falling back
 to file:
luaotfload | load : Lookup/name: "SegoeUILight" -> "segoeuil.ttf"
luaotfload | load : Lookup/name: "Segoe UI Light" -> "segoeuil.ttf"
luaotfload | load : Lookup/name: "Segoe UI Light" -> "segoeuil.ttf"
luaotfload | load : Lookup/name: "Segoe UI Light" -> "segoeuil.ttf"
luaotfload | load : Lookup/name: "Segoe UI Light" -> "segoeuil.ttf"
luaotfload | load : Lookup/name: "Segoe UI Light" -> "segoeuil.ttf"
luaotfload | load : Lookup/name: "Segoe UI Light" -> "segoeuil.ttf"
luaotfload | load : Lookup/name: "Segoe UI Light" -> "segoeuil.ttf"
luaotfload | load : Lookup/name: "Segoe UI Light" -> "segoeuil.ttf"
luaotfload | load : Lookup/name: "SegoeUILight" -> "segoeuil.ttf"
luaotfload | load : Lookup/name: "SegoeUILight" -> "segoeuil.ttf"
luaotfload | load : Lookup/name: "SegoeUILight" -> "segoeuil.ttf"
luaotfload | load : Lookup/name: "Segoe UI Light" -> "segoeuil.ttf"
luaotfload | load : Lookup/name: "Segoe UI Light" -> "segoeuil.ttf"
luaotfload | load : Lookup/name: "Segoe UI Light" -> "segoeuil.ttf"
luaotfload | load : Lookup/name: "Segoe UI Light" -> "segoeuil.ttf"
Underfull \hbox (badness 10000) in paragraph at lines 61--84

 []


Underfull \hbox (badness 10000) in paragraph at lines 61--84

 []


Underfull \hbox (badness 10000) in paragraph at lines 61--84

 []

luaotfload | load : Lookup/name: "Segoe UI Light" -> "segoeuil.ttf"
luaotfload | load : Lookup/name: "Segoe UI Light" -> "segoeuil.ttf"
luaotfload | load : Lookup/name: "Segoe UI Light" -> "segoeuil.ttf"
luaotfload | load : Lookup/name: "Segoe UI Light" -> "segoeuil.ttf"
Underfull \hbox (badness 10000) in paragraph at lines 85--99

 []

luaotfload | load : Lookup/name: "Segoe UI Light" -> "segoeuil.ttf"
luaotfload | load : Lookup/name: "Segoe UI Light" -> "segoeuil.ttf"
luaotfload | load : Lookup/name: "Segoe UI Light" -> "segoeuil.ttf"
luaotfload | load : Lookup/name: "Segoe UI Light" -> "segoeuil.ttf"
luaotfload | load : Lookup/name: "Segoe UI Light" -> "segoeuil.ttf"
luaotfload | load : Lookup/name: "Segoe UI Light" -> "segoeuil.ttf"
luaotfload | load : Lookup/name: "Segoe UI Light" -> "segoeuil.ttf"
luaotfload | load : Lookup/name: "Segoe UI Light" -> "segoeuil.ttf"
luaotfload | load : Lookup/name: "Segoe UI Light" -> "segoeuil.ttf"
luaotfload | load : Lookup/name: "Segoe UI Light" -> "segoeuil.ttf"
luaotfload | load : Lookup/name: "Segoe UI Light" -> "segoeuil.ttf"
luaotfload | load : Lookup/name: "Segoe UI Light" -> "segoeuil.ttf"
Underfull \hbox (badness 10000) in paragraph at lines 102--141

 []

luaotfload | load : Lookup/name: "Segoe UI Light" -> "segoeuil.ttf"
luaotfload | load : Lookup/name: "Segoe UI Light" -> "segoeuil.ttf"
luaotfload | load : Lookup/name: "Segoe UI Light" -> "segoeuil.ttf"
luaotfload | load : Lookup/name: "Segoe UI Light" -> "segoeuil.ttf"
luaotfload | load : Lookup/name: "Segoe UI Light" -> "segoeuil.ttf"
luaotfload | load : Lookup/name: "Segoe UI Light" -> "segoeuil.ttf" [1

{C:/Users/glagl/AppData/Local/MiKTeX/2.9/pdftex/config/pdftex.map}] [2]
Package atveryend Info: Empty hook `BeforeClearDocument' on input line 165.
Package atveryend Info: Empty hook `AfterLastShipout' on input line 165.

(./CV_FR_FR.aux)
Package atveryend Info: Executing hook `AtVeryEndDocument' on input line 165.
Package atveryend Info: Executing hook `AtEndAfterFileList' on input line 165.
Package rerunfilecheck Info: File `CV_FR_FR.out' has not changed.
(rerunfilecheck)             Checksum: D41D8CD98F00B204E9800998ECF8427E;0.


LaTeX Font Warning: Some font shapes were not available, defaults substituted.

Package logreq Info: Writing requests to 'CV_FR_FR.run.xml'.

\openout1 = CV_FR_FR.run.xml
)

Here is how much of LuaTeX's memory you used:
 40719 strings out of 494933
 125171,1373583 words of node,token memory allocated
 308 words of node memory still in use:
    nodes
   avail lists: 1:6,2:1322,3:167,4:1229,5:105,6:1876,7:18,8:6,9:227,10:151
 43030 multiletter control sequences out of 65536+200000
 57 fonts using 17721259 bytes
 73i,9n,79p,946b,667s stack positions out of 5000i,500n,10000p,200000b,50000s
<C:/Users/glagl/AppData/Local/Programs/MiKTeX 2.9/fonts/opentype/public/fontawes
ome/fontawesome.otf><C:/WINDOWS/Fonts/seguisb.ttf><C:/WINDOWS/Fonts/segoeui.ttf>
<C:/WINDOWS/Fonts/segoeuil.ttf>
Output written on CV_FR_FR.pdf (2 pages, 54773 bytes).

PDF statistics: 50 PDF objects out of 1000 (max. 8388607)
 3 named destinations out of 1000 (max. 131072)
 16 words of extra memory for PDF output out of 10000 (max. 10000000)

